
> frontend@0.1.0 dev
> next dev --turbopack --port 3100

   ▲ Next.js 15.4.4 (Turbopack)
   - Local:        http://localhost:3100
   - Network:      http://192.168.1.144:3100
   - Environments: .env.local

 ✓ Starting...
 ○ Compiling middleware ...
 ✓ Compiled middleware in 662ms
 ✓ Ready in 1928ms
 ○ Compiling /api/health ...
 ✓ Compiled /api/health in 3.1s
 GET /api/health 200 in 5550ms
[Middleware] Processing request for: /api/symbols/list
[Middleware] Supabase URL: https://lwksceirjogxlhohbkcs.s...
[Middleware] Has Anon Key: true
[Middleware] Error getting user: Auth session missing!
[Middleware] No authenticated user, skipping allowlist check
 ✓ Compiled /api/symbols/list in 200ms
 GET /api/symbols/list 401 in 252ms
[Middleware] Processing request for: /symbols
[Middleware] Supabase URL: https://lwksceirjogxlhohbkcs.s...
[Middleware] Has Anon Key: true
[Middleware] User authenticated: true, email: stevenjiangchat@gmail.com
[Middleware] Checking allowlist for user: stevenjiangchat@gmail.com
[Middleware] Allowlist query result - data: {"email":"stevenjiangchat@gmail.com"}, error: none
[Middleware] User stevenjiangchat@gmail.com IS in allowlist, allowing access
 ○ Compiling /symbols ...
 ✓ Compiled /symbols in 6.6s
 GET /symbols 200 in 9814ms
[Middleware] Processing request for: /api/symbols/list
[Middleware] Supabase URL: https://lwksceirjogxlhohbkcs.s...
[Middleware] Has Anon Key: true
[Middleware] User authenticated: true, email: stevenjiangchat@gmail.com
[Middleware] Checking allowlist for user: stevenjiangchat@gmail.com
[Middleware] Allowlist query result - data: {"email":"stevenjiangchat@gmail.com"}, error: none
[Middleware] User stevenjiangchat@gmail.com IS in allowlist, allowing access
 GET /api/symbols/list 200 in 1579ms
[Middleware] Processing request for: /api/symbols/list
[Middleware] Supabase URL: https://lwksceirjogxlhohbkcs.s...
[Middleware] Has Anon Key: true
[Middleware] User authenticated: true, email: stevenjiangchat@gmail.com
[Middleware] Checking allowlist for user: stevenjiangchat@gmail.com
[Middleware] Allowlist query result - data: {"email":"stevenjiangchat@gmail.com"}, error: none
[Middleware] User stevenjiangchat@gmail.com IS in allowlist, allowing access
 GET /api/symbols/list 200 in 722ms
[Middleware] Processing request for: /api/symbols/list
[Middleware] Supabase URL: https://lwksceirjogxlhohbkcs.s...
[Middleware] Has Anon Key: true
[Middleware] User authenticated: true, email: stevenjiangchat@gmail.com
[Middleware] Checking allowlist for user: stevenjiangchat@gmail.com
[Middleware] Allowlist query result - data: {"email":"stevenjiangchat@gmail.com"}, error: none
[Middleware] User stevenjiangchat@gmail.com IS in allowlist, allowing access
 GET /api/symbols/list 200 in 388ms
 ⚠ Found a change in next.config.js. Restarting the server to apply the changes...
   ▲ Next.js 15.4.4 (Turbopack)
   - Local:        http://localhost:3100
   - Network:      http://192.168.1.144:3100
   - Environments: .env.local

 ✓ Starting...
 ○ Compiling middleware ...
 ✓ Compiled middleware in 895ms
 ✓ Ready in 2.3s
