INFO:     Will watch for changes in these directories: ['/home/sjiang/devlocal/jnet-site/services/api-service']
INFO:     Uvicorn running on http://127.0.0.1:8002 (Press CTRL+C to quit)
INFO:     Started reloader process [196611] using StatReload
INFO:     Started server process [196615]
INFO:     Waiting for application startup.
INFO:app.main:Starting API Service in development mode
INFO:     Application startup complete.
WARNING:app.middleware.auth:Invalid API key attempt from 127.0.0.1
INFO:     127.0.0.1:38430 - "GET /api/v1/symbols/list HTTP/1.1" 401 Unauthorized
INFO:httpx:HTTP Request: GET http://localhost:9000/api/v1/list "HTTP/1.1 200 OK"
INFO:     127.0.0.1:52610 - "GET /api/v1/symbols/list HTTP/1.1" 200 OK
WARNING:  StatReload detected changes in 'app/main.py'. Reloading...
INFO:     Shutting down
INFO:     Waiting for application shutdown.
INFO:app.main:Shutting down API Service
INFO:     Application shutdown complete.
INFO:     Finished server process [196615]
INFO:     Started server process [197996]
INFO:     Waiting for application startup.
INFO:app.main:Starting API Service in development mode
INFO:     Application startup complete.
INFO:httpx:HTTP Request: GET http://localhost:9000/api/v1/list "HTTP/1.1 200 OK"
INFO:     127.0.0.1:54266 - "GET /api/v1/symbols/list HTTP/1.1" 200 OK
INFO:httpx:HTTP Request: GET http://localhost:9000/api/v1/list "HTTP/1.1 200 OK"
INFO:     127.0.0.1:59230 - "GET /api/v1/symbols/list HTTP/1.1" 200 OK
INFO:httpx:HTTP Request: GET http://localhost:9000/api/v1/list "HTTP/1.1 200 OK"
INFO:     127.0.0.1:59230 - "GET /api/v1/symbols/list HTTP/1.1" 200 OK
INFO:httpx:HTTP Request: GET http://localhost:9000/api/v1/list "HTTP/1.1 200 OK"
INFO:     127.0.0.1:59230 - "GET /api/v1/symbols/list HTTP/1.1" 200 OK
WARNING:  StatReload detected changes in 'app/main.py'. Reloading...
INFO:     Shutting down
INFO:     Waiting for application shutdown.
INFO:app.main:Shutting down API Service
INFO:     Application shutdown complete.
INFO:     Finished server process [197996]
INFO:     Started server process [214870]
INFO:     Waiting for application startup.
INFO:app.main:Starting API Service in development mode
INFO:     Application startup complete.
WARNING:  StatReload detected changes in 'app/config.py'. Reloading...
INFO:     Shutting down
INFO:     Waiting for application shutdown.
INFO:app.main:Shutting down API Service
INFO:     Application shutdown complete.
INFO:     Finished server process [214870]
INFO:     Started server process [228673]
INFO:     Waiting for application startup.
INFO:app.main:Starting API Service in development mode
INFO:     Application startup complete.
WARNING:  StatReload detected changes in 'app/services/stock_data.py'. Reloading...
INFO:     Shutting down
INFO:     Waiting for application shutdown.
INFO:app.main:Shutting down API Service
INFO:     Application shutdown complete.
INFO:     Finished server process [228673]
INFO:     Started server process [228708]
INFO:     Waiting for application startup.
INFO:app.main:Starting API Service in development mode
INFO:     Application startup complete.
WARNING:  StatReload detected changes in 'app/services/stock_data.py'. Reloading...
INFO:     Shutting down
INFO:     Waiting for application shutdown.
INFO:app.main:Shutting down API Service
INFO:     Application shutdown complete.
INFO:     Finished server process [228708]
INFO:     Started server process [228732]
INFO:     Waiting for application startup.
INFO:app.main:Starting API Service in development mode
INFO:     Application startup complete.
